# JRE version: OpenJDK Runtime Environment Temurin-17.0.11+9 (17.0.11+9) (build 17.0.11+9)
# Java VM: OpenJDK 64-Bit Server VM Temurin-17.0.11+9 (17.0.11+9, mixed mode, emulated-client, tiered, compressed oops, compressed class ptrs, g1 gc, windows-amd64)
GC Precious Log:
 CPUs: 8 total, 8 available
 Memory: 7117M
 Large Page Support: Disabled
 NUMA Support: Disabled
 Compressed Oops: Enabled (32-bit)
 Heap Region Size: 1M
 Heap Min Capacity: 8M
 Heap Initial Capacity: 112M
 Heap Max Capacity: 1G
 Pre-touch: Disabled
 Parallel Workers: 8
 Concurrent Workers: 2
 Concurrent Refinement Workers: 8
 Periodic GC: Disabled
Heap:
 garbage-first heap   total 92160K, used 41070K [0x00000000c0000000, 0x0000000100000000)
  region size 1024K, 1 young (1024K), 0 survivors (0K)
 Metaspace       used 62719K, committed 63360K, reserved 1114112K
  class space    used 7775K, committed 8000K, reserved 1048576K
GC Heap History (20 events):
Event: 96.817 GC heap before
{Heap before GC invocations=24 (full 1):
 garbage-first heap   total 92160K, used 45305K [0x00000000c0000000, 0x0000000100000000)
  region size 1024K, 1 young (1024K), 0 survivors (0K)
 Metaspace       used 62915K, committed 63360K, reserved 1114112K
  class space    used 7819K, committed 8000K, reserved 1048576K
}
Event: 97.039 GC heap after
{Heap after GC invocations=25 (full 2):
 garbage-first heap   total 92160K, used 43549K [0x00000000c0000000, 0x0000000100000000)
  region size 1024K, 0 young (0K), 0 survivors (0K)
 Metaspace       used 62825K, committed 63360K, reserved 1114112K
  class space    used 7800K, committed 8000K, reserved 1048576K
}
Event: 107.247 GC heap before
{Heap before GC invocations=25 (full 2):
 garbage-first heap   total 92160K, used 43549K [0x00000000c0000000, 0x0000000100000000)
  region size 1024K, 1 young (1024K), 0 survivors (0K)
 Metaspace       used 62826K, committed 63360K, reserved 1114112K
  class space    used 7800K, committed 8000K, reserved 1048576K
}
Event: 107.305 GC heap after
{Heap after GC invocations=26 (full 3):
 garbage-first heap   total 92160K, used 41070K [0x00000000c0000000, 0x0000000100000000)
  region size 1024K, 0 young (0K), 0 survivors (0K)
 Metaspace       used 62719K, committed 63360K, reserved 1114112K
  class space    used 7775K, committed 8000K, reserved 1048576K
}
Event: 117.514 GC heap before
{Heap before GC invocations=26 (full 3):
 garbage-first heap   total 92160K, used 41070K [0x00000000c0000000, 0x0000000100000000)
  region size 1024K, 1 young (1024K), 0 survivors (0K)
 Metaspace       used 62719K, committed 63360K, reserved 1114112K
  class space    used 7775K, committed 8000K, reserved 1048576K
}
Event: 117.564 GC heap after
{Heap after GC invocations=27 (full 4):
 garbage-first heap   total 92160K, used 41070K [0x00000000c0000000, 0x0000000100000000)
  region size 1024K, 0 young (0K), 0 survivors (0K)
 Metaspace       used 62719K, committed 63360K, reserved 1114112K
  class space    used 7775K, committed 8000K, reserved 1048576K
}
Event: 127.957 GC heap before
{Heap before GC invocations=27 (full 4):
 garbage-first heap   total 92160K, used 41070K [0x00000000c0000000, 0x0000000100000000)
  region size 1024K, 1 young (1024K), 0 survivors (0K)
 Metaspace       used 62719K, committed 63360K, reserved 1114112K
  class space    used 7775K, committed 8000K, reserved 1048576K
}
Event: 128.031 GC heap after
{Heap after GC invocations=28 (full 5):
 garbage-first heap   total 92160K, used 41070K [0x00000000c0000000, 0x0000000100000000)
  region size 1024K, 0 young (0K), 0 survivors (0K)
 Metaspace       used 62719K, committed 63360K, reserved 1114112K
  class space    used 7775K, committed 8000K, reserved 1048576K
}
Event: 140.319 GC heap before
{Heap before GC invocations=28 (full 5):
 garbage-first heap   total 92160K, used 41070K [0x00000000c0000000, 0x0000000100000000)
  region size 1024K, 1 young (1024K), 0 survivors (0K)
 Metaspace       used 62719K, committed 63360K, reserved 1114112K
  class space    used 7775K, committed 8000K, reserved 1048576K
}
Event: 140.392 GC heap after
{Heap after GC invocations=29 (full 6):
 garbage-first heap   total 92160K, used 41070K [0x00000000c0000000, 0x0000000100000000)
  region size 1024K, 0 young (0K), 0 survivors (0K)
 Metaspace       used 62719K, committed 63360K, reserved 1114112K
  class space    used 7775K, committed 8000K, reserved 1048576K
}
Event: 150.563 GC heap before
{Heap before GC invocations=29 (full 6):
 garbage-first heap   total 92160K, used 41070K [0x00000000c0000000, 0x0000000100000000)
  region size 1024K, 1 young (1024K), 0 survivors (0K)
 Metaspace       used 62719K, committed 63360K, reserved 1114112K
  class space    used 7775K, committed 8000K, reserved 1048576K
}
Event: 150.607 GC heap after
{Heap after GC invocations=30 (full 7):
 garbage-first heap   total 92160K, used 41070K [0x00000000c0000000, 0x0000000100000000)
  region size 1024K, 0 young (0K), 0 survivors (0K)
 Metaspace       used 62719K, committed 63360K, reserved 1114112K
  class space    used 7775K, committed 8000K, reserved 1048576K
}
Event: 160.810 GC heap before
{Heap before GC invocations=30 (full 7):
 garbage-first heap   total 92160K, used 41070K [0x00000000c0000000, 0x0000000100000000)
  region size 1024K, 1 young (1024K), 0 survivors (0K)
 Metaspace       used 62719K, committed 63360K, reserved 1114112K
  class space    used 7775K, committed 8000K, reserved 1048576K
}
Event: 160.855 GC heap after
{Heap after GC invocations=31 (full 8):
 garbage-first heap   total 92160K, used 41070K [0x00000000c0000000, 0x0000000100000000)
  region size 1024K, 0 young (0K), 0 survivors (0K)
 Metaspace       used 62719K, committed 63360K, reserved 1114112K
  class space    used 7775K, committed 8000K, reserved 1048576K
}
Event: 171.032 GC heap before
{Heap before GC invocations=31 (full 8):
 garbage-first heap   total 92160K, used 41070K [0x00000000c0000000, 0x0000000100000000)
  region size 1024K, 1 young (1024K), 0 survivors (0K)
 Metaspace       used 62719K, committed 63360K, reserved 1114112K
  class space    used 7775K, committed 8000K, reserved 1048576K
}
Event: 171.079 GC heap after
{Heap after GC invocations=32 (full 9):
 garbage-first heap   total 92160K, used 41070K [0x00000000c0000000, 0x0000000100000000)
  region size 1024K, 0 young (0K), 0 survivors (0K)
 Metaspace       used 62719K, committed 63360K, reserved 1114112K
  class space    used 7775K, committed 8000K, reserved 1048576K
}
Event: 181.332 GC heap before
{Heap before GC invocations=32 (full 9):
 garbage-first heap   total 92160K, used 41070K [0x00000000c0000000, 0x0000000100000000)
  region size 1024K, 1 young (1024K), 0 survivors (0K)
 Metaspace       used 62719K, committed 63360K, reserved 1114112K
  class space    used 7775K, committed 8000K, reserved 1048576K
}
Event: 181.389 GC heap after
{Heap after GC invocations=33 (full 10):
 garbage-first heap   total 92160K, used 41070K [0x00000000c0000000, 0x0000000100000000)
  region size 1024K, 0 young (0K), 0 survivors (0K)
 Metaspace       used 62719K, committed 63360K, reserved 1114112K
  class space    used 7775K, committed 8000K, reserved 1048576K
}
Event: 191.771 GC heap before
{Heap before GC invocations=33 (full 10):
 garbage-first heap   total 92160K, used 41070K [0x00000000c0000000, 0x0000000100000000)
  region size 1024K, 1 young (1024K), 0 survivors (0K)
 Metaspace       used 62719K, committed 63360K, reserved 1114112K
  class space    used 7775K, committed 8000K, reserved 1048576K
}
Event: 191.839 GC heap after
{Heap after GC invocations=34 (full 11):
 garbage-first heap   total 92160K, used 41070K [0x00000000c0000000, 0x0000000100000000)
  region size 1024K, 0 young (0K), 0 survivors (0K)
 Metaspace       used 62719K, committed 63360K, reserved 1114112K
  class space    used 7775K, committed 8000K, reserved 1048576K
}

