# JRE version: OpenJDK Runtime Environment Temurin-17.0.11+9 (17.0.11+9) (build 17.0.11+9)
# Java VM: OpenJDK 64-Bit Server VM Temurin-17.0.11+9 (17.0.11+9, mixed mode, emulated-client, tiered, compressed oops, compressed class ptrs, g1 gc, windows-amd64)
GC Precious Log:
 CPUs: 8 total, 8 available
 Memory: 7117M
 Large Page Support: Disabled
 NUMA Support: Disabled
 Compressed Oops: Enabled (32-bit)
 Heap Region Size: 1M
 Heap Min Capacity: 8M
 Heap Initial Capacity: 112M
 Heap Max Capacity: 1G
 Pre-touch: Disabled
 Parallel Workers: 8
 Concurrent Workers: 2
 Concurrent Refinement Workers: 8
 Periodic GC: Disabled
Heap:
 garbage-first heap   total 75776K, used 25434K [0x00000000c0000000, 0x0000000100000000)
  region size 1024K, 1 young (1024K), 0 survivors (0K)
 Metaspace       used 41640K, committed 42176K, reserved 1114112K
  class space    used 5337K, committed 5568K, reserved 1048576K
GC Heap History (20 events):
Event: 200.473 GC heap before
{Heap before GC invocations=24 (full 15):
 garbage-first heap   total 75776K, used 25433K [0x00000000c0000000, 0x0000000100000000)
  region size 1024K, 1 young (1024K), 0 survivors (0K)
 Metaspace       used 41640K, committed 42176K, reserved 1114112K
  class space    used 5337K, committed 5568K, reserved 1048576K
}
Event: 200.500 GC heap after
{Heap after GC invocations=25 (full 16):
 garbage-first heap   total 75776K, used 25433K [0x00000000c0000000, 0x0000000100000000)
  region size 1024K, 0 young (0K), 0 survivors (0K)
 Metaspace       used 41640K, committed 42176K, reserved 1114112K
  class space    used 5337K, committed 5568K, reserved 1048576K
}
Event: 210.727 GC heap before
{Heap before GC invocations=25 (full 16):
 garbage-first heap   total 75776K, used 25433K [0x00000000c0000000, 0x0000000100000000)
  region size 1024K, 1 young (1024K), 0 survivors (0K)
 Metaspace       used 41640K, committed 42176K, reserved 1114112K
  class space    used 5337K, committed 5568K, reserved 1048576K
}
Event: 210.764 GC heap after
{Heap after GC invocations=26 (full 17):
 garbage-first heap   total 75776K, used 25433K [0x00000000c0000000, 0x0000000100000000)
  region size 1024K, 0 young (0K), 0 survivors (0K)
 Metaspace       used 41640K, committed 42176K, reserved 1114112K
  class space    used 5337K, committed 5568K, reserved 1048576K
}
Event: 220.962 GC heap before
{Heap before GC invocations=26 (full 17):
 garbage-first heap   total 75776K, used 25433K [0x00000000c0000000, 0x0000000100000000)
  region size 1024K, 1 young (1024K), 0 survivors (0K)
 Metaspace       used 41640K, committed 42176K, reserved 1114112K
  class space    used 5337K, committed 5568K, reserved 1048576K
}
Event: 220.986 GC heap after
{Heap after GC invocations=27 (full 18):
 garbage-first heap   total 75776K, used 25433K [0x00000000c0000000, 0x0000000100000000)
  region size 1024K, 0 young (0K), 0 survivors (0K)
 Metaspace       used 41640K, committed 42176K, reserved 1114112K
  class space    used 5337K, committed 5568K, reserved 1048576K
}
Event: 231.174 GC heap before
{Heap before GC invocations=27 (full 18):
 garbage-first heap   total 75776K, used 25433K [0x00000000c0000000, 0x0000000100000000)
  region size 1024K, 1 young (1024K), 0 survivors (0K)
 Metaspace       used 41640K, committed 42176K, reserved 1114112K
  class space    used 5337K, committed 5568K, reserved 1048576K
}
Event: 231.200 GC heap after
{Heap after GC invocations=28 (full 19):
 garbage-first heap   total 75776K, used 25433K [0x00000000c0000000, 0x0000000100000000)
  region size 1024K, 0 young (0K), 0 survivors (0K)
 Metaspace       used 41640K, committed 42176K, reserved 1114112K
  class space    used 5337K, committed 5568K, reserved 1048576K
}
Event: 241.451 GC heap before
{Heap before GC invocations=28 (full 19):
 garbage-first heap   total 75776K, used 25433K [0x00000000c0000000, 0x0000000100000000)
  region size 1024K, 1 young (1024K), 0 survivors (0K)
 Metaspace       used 41640K, committed 42176K, reserved 1114112K
  class space    used 5337K, committed 5568K, reserved 1048576K
}
Event: 241.479 GC heap after
{Heap after GC invocations=29 (full 20):
 garbage-first heap   total 75776K, used 25433K [0x00000000c0000000, 0x0000000100000000)
  region size 1024K, 0 young (0K), 0 survivors (0K)
 Metaspace       used 41640K, committed 42176K, reserved 1114112K
  class space    used 5337K, committed 5568K, reserved 1048576K
}
Event: 251.684 GC heap before
{Heap before GC invocations=29 (full 20):
 garbage-first heap   total 75776K, used 25433K [0x00000000c0000000, 0x0000000100000000)
  region size 1024K, 1 young (1024K), 0 survivors (0K)
 Metaspace       used 41640K, committed 42176K, reserved 1114112K
  class space    used 5337K, committed 5568K, reserved 1048576K
}
Event: 251.714 GC heap after
{Heap after GC invocations=30 (full 21):
 garbage-first heap   total 75776K, used 25433K [0x00000000c0000000, 0x0000000100000000)
  region size 1024K, 0 young (0K), 0 survivors (0K)
 Metaspace       used 41640K, committed 42176K, reserved 1114112K
  class space    used 5337K, committed 5568K, reserved 1048576K
}
Event: 261.889 GC heap before
{Heap before GC invocations=30 (full 21):
 garbage-first heap   total 75776K, used 25433K [0x00000000c0000000, 0x0000000100000000)
  region size 1024K, 1 young (1024K), 0 survivors (0K)
 Metaspace       used 41640K, committed 42176K, reserved 1114112K
  class space    used 5337K, committed 5568K, reserved 1048576K
}
Event: 261.914 GC heap after
{Heap after GC invocations=31 (full 22):
 garbage-first heap   total 75776K, used 25433K [0x00000000c0000000, 0x0000000100000000)
  region size 1024K, 0 young (0K), 0 survivors (0K)
 Metaspace       used 41640K, committed 42176K, reserved 1114112K
  class space    used 5337K, committed 5568K, reserved 1048576K
}
Event: 272.152 GC heap before
{Heap before GC invocations=31 (full 22):
 garbage-first heap   total 75776K, used 25433K [0x00000000c0000000, 0x0000000100000000)
  region size 1024K, 1 young (1024K), 0 survivors (0K)
 Metaspace       used 41640K, committed 42176K, reserved 1114112K
  class space    used 5337K, committed 5568K, reserved 1048576K
}
Event: 272.186 GC heap after
{Heap after GC invocations=32 (full 23):
 garbage-first heap   total 75776K, used 25433K [0x00000000c0000000, 0x0000000100000000)
  region size 1024K, 0 young (0K), 0 survivors (0K)
 Metaspace       used 41640K, committed 42176K, reserved 1114112K
  class space    used 5337K, committed 5568K, reserved 1048576K
}
Event: 282.369 GC heap before
{Heap before GC invocations=32 (full 23):
 garbage-first heap   total 75776K, used 25433K [0x00000000c0000000, 0x0000000100000000)
  region size 1024K, 1 young (1024K), 0 survivors (0K)
 Metaspace       used 41640K, committed 42176K, reserved 1114112K
  class space    used 5337K, committed 5568K, reserved 1048576K
}
Event: 282.394 GC heap after
{Heap after GC invocations=33 (full 24):
 garbage-first heap   total 75776K, used 25433K [0x00000000c0000000, 0x0000000100000000)
  region size 1024K, 0 young (0K), 0 survivors (0K)
 Metaspace       used 41640K, committed 42176K, reserved 1114112K
  class space    used 5337K, committed 5568K, reserved 1048576K
}
Event: 322.581 GC heap before
{Heap before GC invocations=33 (full 24):
 garbage-first heap   total 75776K, used 25433K [0x00000000c0000000, 0x0000000100000000)
  region size 1024K, 1 young (1024K), 0 survivors (0K)
 Metaspace       used 41640K, committed 42176K, reserved 1114112K
  class space    used 5337K, committed 5568K, reserved 1048576K
}
Event: 322.605 GC heap after
{Heap after GC invocations=34 (full 25):
 garbage-first heap   total 75776K, used 25434K [0x00000000c0000000, 0x0000000100000000)
  region size 1024K, 0 young (0K), 0 survivors (0K)
 Metaspace       used 41640K, committed 42176K, reserved 1114112K
  class space    used 5337K, committed 5568K, reserved 1048576K
}

