# JRE version: OpenJDK Runtime Environment Temurin-17.0.11+9 (17.0.11+9) (build 17.0.11+9)
# Java VM: OpenJDK 64-Bit Server VM Temurin-17.0.11+9 (17.0.11+9, mixed mode, emulated-client, tiered, compressed oops, compressed class ptrs, g1 gc, windows-amd64)
GC Precious Log:
 CPUs: 8 total, 8 available
 Memory: 7117M
 Large Page Support: Disabled
 NUMA Support: Disabled
 Compressed Oops: Enabled (32-bit)
 Heap Region Size: 1M
 Heap Min Capacity: 8M
 Heap Initial Capacity: 112M
 Heap Max Capacity: 1G
 Pre-touch: Disabled
 Parallel Workers: 8
 Concurrent Workers: 2
 Concurrent Refinement Workers: 8
 Periodic GC: Disabled
Heap:
 garbage-first heap   total 100352K, used 39542K [0x00000000c0000000, 0x0000000100000000)
  region size 1024K, 1 young (1024K), 0 survivors (0K)
 Metaspace       used 64103K, committed 64576K, reserved 1114112K
  class space    used 8015K, committed 8256K, reserved 1048576K
GC Heap History (20 events):
Event: 98304.621 GC heap before
{Heap before GC invocations=2623 (full 2455):
 garbage-first heap   total 100352K, used 39542K [0x00000000c0000000, 0x0000000100000000)
  region size 1024K, 1 young (1024K), 0 survivors (0K)
 Metaspace       used 64103K, committed 64576K, reserved 1114112K
  class space    used 8015K, committed 8256K, reserved 1048576K
}
Event: 98304.667 GC heap after
{Heap after GC invocations=2624 (full 2456):
 garbage-first heap   total 100352K, used 39542K [0x00000000c0000000, 0x0000000100000000)
  region size 1024K, 0 young (0K), 0 survivors (0K)
 Metaspace       used 64103K, committed 64576K, reserved 1114112K
  class space    used 8015K, committed 8256K, reserved 1048576K
}
Event: 98314.882 GC heap before
{Heap before GC invocations=2624 (full 2456):
 garbage-first heap   total 100352K, used 39542K [0x00000000c0000000, 0x0000000100000000)
  region size 1024K, 1 young (1024K), 0 survivors (0K)
 Metaspace       used 64103K, committed 64576K, reserved 1114112K
  class space    used 8015K, committed 8256K, reserved 1048576K
}
Event: 98314.941 GC heap after
{Heap after GC invocations=2625 (full 2457):
 garbage-first heap   total 100352K, used 39542K [0x00000000c0000000, 0x0000000100000000)
  region size 1024K, 0 young (0K), 0 survivors (0K)
 Metaspace       used 64103K, committed 64576K, reserved 1114112K
  class space    used 8015K, committed 8256K, reserved 1048576K
}
Event: 98325.171 GC heap before
{Heap before GC invocations=2625 (full 2457):
 garbage-first heap   total 100352K, used 39542K [0x00000000c0000000, 0x0000000100000000)
  region size 1024K, 1 young (1024K), 0 survivors (0K)
 Metaspace       used 64103K, committed 64576K, reserved 1114112K
  class space    used 8015K, committed 8256K, reserved 1048576K
}
Event: 98325.228 GC heap after
{Heap after GC invocations=2626 (full 2458):
 garbage-first heap   total 100352K, used 39542K [0x00000000c0000000, 0x0000000100000000)
  region size 1024K, 0 young (0K), 0 survivors (0K)
 Metaspace       used 64103K, committed 64576K, reserved 1114112K
  class space    used 8015K, committed 8256K, reserved 1048576K
}
Event: 98335.445 GC heap before
{Heap before GC invocations=2626 (full 2458):
 garbage-first heap   total 100352K, used 39542K [0x00000000c0000000, 0x0000000100000000)
  region size 1024K, 1 young (1024K), 0 survivors (0K)
 Metaspace       used 64103K, committed 64576K, reserved 1114112K
  class space    used 8015K, committed 8256K, reserved 1048576K
}
Event: 98335.500 GC heap after
{Heap after GC invocations=2627 (full 2459):
 garbage-first heap   total 100352K, used 39542K [0x00000000c0000000, 0x0000000100000000)
  region size 1024K, 0 young (0K), 0 survivors (0K)
 Metaspace       used 64103K, committed 64576K, reserved 1114112K
  class space    used 8015K, committed 8256K, reserved 1048576K
}
Event: 98345.707 GC heap before
{Heap before GC invocations=2627 (full 2459):
 garbage-first heap   total 100352K, used 39542K [0x00000000c0000000, 0x0000000100000000)
  region size 1024K, 1 young (1024K), 0 survivors (0K)
 Metaspace       used 64103K, committed 64576K, reserved 1114112K
  class space    used 8015K, committed 8256K, reserved 1048576K
}
Event: 98345.755 GC heap after
{Heap after GC invocations=2628 (full 2460):
 garbage-first heap   total 100352K, used 39542K [0x00000000c0000000, 0x0000000100000000)
  region size 1024K, 0 young (0K), 0 survivors (0K)
 Metaspace       used 64103K, committed 64576K, reserved 1114112K
  class space    used 8015K, committed 8256K, reserved 1048576K
}
Event: 98356.063 GC heap before
{Heap before GC invocations=2628 (full 2460):
 garbage-first heap   total 100352K, used 39542K [0x00000000c0000000, 0x0000000100000000)
  region size 1024K, 1 young (1024K), 0 survivors (0K)
 Metaspace       used 64103K, committed 64576K, reserved 1114112K
  class space    used 8015K, committed 8256K, reserved 1048576K
}
Event: 98356.124 GC heap after
{Heap after GC invocations=2629 (full 2461):
 garbage-first heap   total 100352K, used 39542K [0x00000000c0000000, 0x0000000100000000)
  region size 1024K, 0 young (0K), 0 survivors (0K)
 Metaspace       used 64103K, committed 64576K, reserved 1114112K
  class space    used 8015K, committed 8256K, reserved 1048576K
}
Event: 98366.338 GC heap before
{Heap before GC invocations=2629 (full 2461):
 garbage-first heap   total 100352K, used 39542K [0x00000000c0000000, 0x0000000100000000)
  region size 1024K, 1 young (1024K), 0 survivors (0K)
 Metaspace       used 64103K, committed 64576K, reserved 1114112K
  class space    used 8015K, committed 8256K, reserved 1048576K
}
Event: 98366.392 GC heap after
{Heap after GC invocations=2630 (full 2462):
 garbage-first heap   total 100352K, used 39542K [0x00000000c0000000, 0x0000000100000000)
  region size 1024K, 0 young (0K), 0 survivors (0K)
 Metaspace       used 64103K, committed 64576K, reserved 1114112K
  class space    used 8015K, committed 8256K, reserved 1048576K
}
Event: 98376.607 GC heap before
{Heap before GC invocations=2630 (full 2462):
 garbage-first heap   total 100352K, used 39542K [0x00000000c0000000, 0x0000000100000000)
  region size 1024K, 1 young (1024K), 0 survivors (0K)
 Metaspace       used 64103K, committed 64576K, reserved 1114112K
  class space    used 8015K, committed 8256K, reserved 1048576K
}
Event: 98376.659 GC heap after
{Heap after GC invocations=2631 (full 2463):
 garbage-first heap   total 100352K, used 39542K [0x00000000c0000000, 0x0000000100000000)
  region size 1024K, 0 young (0K), 0 survivors (0K)
 Metaspace       used 64103K, committed 64576K, reserved 1114112K
  class space    used 8015K, committed 8256K, reserved 1048576K
}
Event: 98387.038 GC heap before
{Heap before GC invocations=2631 (full 2463):
 garbage-first heap   total 100352K, used 39542K [0x00000000c0000000, 0x0000000100000000)
  region size 1024K, 1 young (1024K), 0 survivors (0K)
 Metaspace       used 64103K, committed 64576K, reserved 1114112K
  class space    used 8015K, committed 8256K, reserved 1048576K
}
Event: 98387.092 GC heap after
{Heap after GC invocations=2632 (full 2464):
 garbage-first heap   total 100352K, used 39542K [0x00000000c0000000, 0x0000000100000000)
  region size 1024K, 0 young (0K), 0 survivors (0K)
 Metaspace       used 64103K, committed 64576K, reserved 1114112K
  class space    used 8015K, committed 8256K, reserved 1048576K
}
Event: 98397.356 GC heap before
{Heap before GC invocations=2632 (full 2464):
 garbage-first heap   total 100352K, used 39542K [0x00000000c0000000, 0x0000000100000000)
  region size 1024K, 1 young (1024K), 0 survivors (0K)
 Metaspace       used 64103K, committed 64576K, reserved 1114112K
  class space    used 8015K, committed 8256K, reserved 1048576K
}
Event: 98397.416 GC heap after
{Heap after GC invocations=2633 (full 2465):
 garbage-first heap   total 100352K, used 39542K [0x00000000c0000000, 0x0000000100000000)
  region size 1024K, 0 young (0K), 0 survivors (0K)
 Metaspace       used 64103K, committed 64576K, reserved 1114112K
  class space    used 8015K, committed 8256K, reserved 1048576K
}

