# JRE version: OpenJDK Runtime Environment Temurin-17.0.11+9 (17.0.11+9) (build 17.0.11+9)
# Java VM: OpenJDK 64-Bit Server VM Temurin-17.0.11+9 (17.0.11+9, mixed mode, emulated-client, tiered, compressed oops, compressed class ptrs, g1 gc, windows-amd64)
GC Precious Log:
 CPUs: 8 total, 8 available
 Memory: 7117M
 Large Page Support: Disabled
 NUMA Support: Disabled
 Compressed Oops: Enabled (32-bit)
 Heap Region Size: 1M
 Heap Min Capacity: 8M
 Heap Initial Capacity: 112M
 Heap Max Capacity: 1G
 Pre-touch: Disabled
 Parallel Workers: 8
 Concurrent Workers: 2
 Concurrent Refinement Workers: 8
 Periodic GC: Disabled
Heap:
 garbage-first heap   total 86016K, used 25431K [0x00000000c0000000, 0x0000000100000000)
  region size 1024K, 1 young (1024K), 0 survivors (0K)
 Metaspace       used 41644K, committed 42176K, reserved 1114112K
  class space    used 5342K, committed 5568K, reserved 1048576K
GC Heap History (20 events):
Event: 2132.119 GC heap before
{Heap before GC invocations=214 (full 204):
 garbage-first heap   total 86016K, used 25431K [0x00000000c0000000, 0x0000000100000000)
  region size 1024K, 1 young (1024K), 0 survivors (0K)
 Metaspace       used 41644K, committed 42176K, reserved 1114112K
  class space    used 5342K, committed 5568K, reserved 1048576K
}
Event: 2132.143 GC heap after
{Heap after GC invocations=215 (full 205):
 garbage-first heap   total 86016K, used 25431K [0x00000000c0000000, 0x0000000100000000)
  region size 1024K, 0 young (0K), 0 survivors (0K)
 Metaspace       used 41644K, committed 42176K, reserved 1114112K
  class space    used 5342K, committed 5568K, reserved 1048576K
}
Event: 2142.329 GC heap before
{Heap before GC invocations=215 (full 205):
 garbage-first heap   total 86016K, used 25431K [0x00000000c0000000, 0x0000000100000000)
  region size 1024K, 1 young (1024K), 0 survivors (0K)
 Metaspace       used 41644K, committed 42176K, reserved 1114112K
  class space    used 5342K, committed 5568K, reserved 1048576K
}
Event: 2142.358 GC heap after
{Heap after GC invocations=216 (full 206):
 garbage-first heap   total 86016K, used 25431K [0x00000000c0000000, 0x0000000100000000)
  region size 1024K, 0 young (0K), 0 survivors (0K)
 Metaspace       used 41644K, committed 42176K, reserved 1114112K
  class space    used 5342K, committed 5568K, reserved 1048576K
}
Event: 2152.552 GC heap before
{Heap before GC invocations=216 (full 206):
 garbage-first heap   total 86016K, used 25431K [0x00000000c0000000, 0x0000000100000000)
  region size 1024K, 1 young (1024K), 0 survivors (0K)
 Metaspace       used 41644K, committed 42176K, reserved 1114112K
  class space    used 5342K, committed 5568K, reserved 1048576K
}
Event: 2152.586 GC heap after
{Heap after GC invocations=217 (full 207):
 garbage-first heap   total 86016K, used 25431K [0x00000000c0000000, 0x0000000100000000)
  region size 1024K, 0 young (0K), 0 survivors (0K)
 Metaspace       used 41644K, committed 42176K, reserved 1114112K
  class space    used 5342K, committed 5568K, reserved 1048576K
}
Event: 2162.763 GC heap before
{Heap before GC invocations=217 (full 207):
 garbage-first heap   total 86016K, used 25431K [0x00000000c0000000, 0x0000000100000000)
  region size 1024K, 1 young (1024K), 0 survivors (0K)
 Metaspace       used 41644K, committed 42176K, reserved 1114112K
  class space    used 5342K, committed 5568K, reserved 1048576K
}
Event: 2162.790 GC heap after
{Heap after GC invocations=218 (full 208):
 garbage-first heap   total 86016K, used 25431K [0x00000000c0000000, 0x0000000100000000)
  region size 1024K, 0 young (0K), 0 survivors (0K)
 Metaspace       used 41644K, committed 42176K, reserved 1114112K
  class space    used 5342K, committed 5568K, reserved 1048576K
}
Event: 2172.990 GC heap before
{Heap before GC invocations=218 (full 208):
 garbage-first heap   total 86016K, used 25431K [0x00000000c0000000, 0x0000000100000000)
  region size 1024K, 1 young (1024K), 0 survivors (0K)
 Metaspace       used 41644K, committed 42176K, reserved 1114112K
  class space    used 5342K, committed 5568K, reserved 1048576K
}
Event: 2173.020 GC heap after
{Heap after GC invocations=219 (full 209):
 garbage-first heap   total 86016K, used 25431K [0x00000000c0000000, 0x0000000100000000)
  region size 1024K, 0 young (0K), 0 survivors (0K)
 Metaspace       used 41644K, committed 42176K, reserved 1114112K
  class space    used 5342K, committed 5568K, reserved 1048576K
}
Event: 2183.216 GC heap before
{Heap before GC invocations=219 (full 209):
 garbage-first heap   total 86016K, used 25431K [0x00000000c0000000, 0x0000000100000000)
  region size 1024K, 1 young (1024K), 0 survivors (0K)
 Metaspace       used 41644K, committed 42176K, reserved 1114112K
  class space    used 5342K, committed 5568K, reserved 1048576K
}
Event: 2183.247 GC heap after
{Heap after GC invocations=220 (full 210):
 garbage-first heap   total 86016K, used 25431K [0x00000000c0000000, 0x0000000100000000)
  region size 1024K, 0 young (0K), 0 survivors (0K)
 Metaspace       used 41644K, committed 42176K, reserved 1114112K
  class space    used 5342K, committed 5568K, reserved 1048576K
}
Event: 2193.435 GC heap before
{Heap before GC invocations=220 (full 210):
 garbage-first heap   total 86016K, used 25431K [0x00000000c0000000, 0x0000000100000000)
  region size 1024K, 1 young (1024K), 0 survivors (0K)
 Metaspace       used 41644K, committed 42176K, reserved 1114112K
  class space    used 5342K, committed 5568K, reserved 1048576K
}
Event: 2193.459 GC heap after
{Heap after GC invocations=221 (full 211):
 garbage-first heap   total 86016K, used 25431K [0x00000000c0000000, 0x0000000100000000)
  region size 1024K, 0 young (0K), 0 survivors (0K)
 Metaspace       used 41644K, committed 42176K, reserved 1114112K
  class space    used 5342K, committed 5568K, reserved 1048576K
}
Event: 2203.627 GC heap before
{Heap before GC invocations=221 (full 211):
 garbage-first heap   total 86016K, used 25431K [0x00000000c0000000, 0x0000000100000000)
  region size 1024K, 1 young (1024K), 0 survivors (0K)
 Metaspace       used 41644K, committed 42176K, reserved 1114112K
  class space    used 5342K, committed 5568K, reserved 1048576K
}
Event: 2203.655 GC heap after
{Heap after GC invocations=222 (full 212):
 garbage-first heap   total 86016K, used 25431K [0x00000000c0000000, 0x0000000100000000)
  region size 1024K, 0 young (0K), 0 survivors (0K)
 Metaspace       used 41644K, committed 42176K, reserved 1114112K
  class space    used 5342K, committed 5568K, reserved 1048576K
}
Event: 2213.821 GC heap before
{Heap before GC invocations=222 (full 212):
 garbage-first heap   total 86016K, used 25431K [0x00000000c0000000, 0x0000000100000000)
  region size 1024K, 1 young (1024K), 0 survivors (0K)
 Metaspace       used 41644K, committed 42176K, reserved 1114112K
  class space    used 5342K, committed 5568K, reserved 1048576K
}
Event: 2213.848 GC heap after
{Heap after GC invocations=223 (full 213):
 garbage-first heap   total 86016K, used 25431K [0x00000000c0000000, 0x0000000100000000)
  region size 1024K, 0 young (0K), 0 survivors (0K)
 Metaspace       used 41644K, committed 42176K, reserved 1114112K
  class space    used 5342K, committed 5568K, reserved 1048576K
}
Event: 2224.037 GC heap before
{Heap before GC invocations=223 (full 213):
 garbage-first heap   total 86016K, used 25431K [0x00000000c0000000, 0x0000000100000000)
  region size 1024K, 1 young (1024K), 0 survivors (0K)
 Metaspace       used 41644K, committed 42176K, reserved 1114112K
  class space    used 5342K, committed 5568K, reserved 1048576K
}
Event: 2224.067 GC heap after
{Heap after GC invocations=224 (full 214):
 garbage-first heap   total 86016K, used 25431K [0x00000000c0000000, 0x0000000100000000)
  region size 1024K, 0 young (0K), 0 survivors (0K)
 Metaspace       used 41644K, committed 42176K, reserved 1114112K
  class space    used 5342K, committed 5568K, reserved 1048576K
}

