# JRE version: OpenJDK Runtime Environment Temurin-17.0.11+9 (17.0.11+9) (build 17.0.11+9)
# Java VM: OpenJDK 64-Bit Server VM Temurin-17.0.11+9 (17.0.11+9, mixed mode, emulated-client, tiered, compressed oops, compressed class ptrs, g1 gc, windows-amd64)
GC Precious Log:
 CPUs: 8 total, 8 available
 Memory: 7117M
 Large Page Support: Disabled
 NUMA Support: Disabled
 Compressed Oops: Enabled (32-bit)
 Heap Region Size: 1M
 Heap Min Capacity: 8M
 Heap Initial Capacity: 112M
 Heap Max Capacity: 1G
 Pre-touch: Disabled
 Parallel Workers: 8
 Concurrent Workers: 2
 Concurrent Refinement Workers: 8
 Periodic GC: Disabled
Heap:
 garbage-first heap   total 91136K, used 40754K [0x00000000c0000000, 0x0000000100000000)
  region size 1024K, 1 young (1024K), 0 survivors (0K)
 Metaspace       used 62885K, committed 63360K, reserved 1114112K
  class space    used 7716K, committed 7936K, reserved 1048576K
GC Heap History (20 events):
Event: 171711.109 GC heap before
{Heap before GC invocations=4064 (full 4045):
 garbage-first heap   total 91136K, used 40754K [0x00000000c0000000, 0x0000000100000000)
  region size 1024K, 1 young (1024K), 0 survivors (0K)
 Metaspace       used 62885K, committed 63360K, reserved 1114112K
  class space    used 7716K, committed 7936K, reserved 1048576K
}
Event: 171711.155 GC heap after
{Heap after GC invocations=4065 (full 4046):
 garbage-first heap   total 91136K, used 40754K [0x00000000c0000000, 0x0000000100000000)
  region size 1024K, 0 young (0K), 0 survivors (0K)
 Metaspace       used 62885K, committed 63360K, reserved 1114112K
  class space    used 7716K, committed 7936K, reserved 1048576K
}
Event: 171721.338 GC heap before
{Heap before GC invocations=4065 (full 4046):
 garbage-first heap   total 91136K, used 40754K [0x00000000c0000000, 0x0000000100000000)
  region size 1024K, 1 young (1024K), 0 survivors (0K)
 Metaspace       used 62885K, committed 63360K, reserved 1114112K
  class space    used 7716K, committed 7936K, reserved 1048576K
}
Event: 171721.383 GC heap after
{Heap after GC invocations=4066 (full 4047):
 garbage-first heap   total 91136K, used 40754K [0x00000000c0000000, 0x0000000100000000)
  region size 1024K, 0 young (0K), 0 survivors (0K)
 Metaspace       used 62885K, committed 63360K, reserved 1114112K
  class space    used 7716K, committed 7936K, reserved 1048576K
}
Event: 171731.556 GC heap before
{Heap before GC invocations=4066 (full 4047):
 garbage-first heap   total 91136K, used 40754K [0x00000000c0000000, 0x0000000100000000)
  region size 1024K, 1 young (1024K), 0 survivors (0K)
 Metaspace       used 62885K, committed 63360K, reserved 1114112K
  class space    used 7716K, committed 7936K, reserved 1048576K
}
Event: 171731.599 GC heap after
{Heap after GC invocations=4067 (full 4048):
 garbage-first heap   total 91136K, used 40754K [0x00000000c0000000, 0x0000000100000000)
  region size 1024K, 0 young (0K), 0 survivors (0K)
 Metaspace       used 62885K, committed 63360K, reserved 1114112K
  class space    used 7716K, committed 7936K, reserved 1048576K
}
Event: 171741.783 GC heap before
{Heap before GC invocations=4067 (full 4048):
 garbage-first heap   total 91136K, used 40754K [0x00000000c0000000, 0x0000000100000000)
  region size 1024K, 1 young (1024K), 0 survivors (0K)
 Metaspace       used 62885K, committed 63360K, reserved 1114112K
  class space    used 7716K, committed 7936K, reserved 1048576K
}
Event: 171741.832 GC heap after
{Heap after GC invocations=4068 (full 4049):
 garbage-first heap   total 91136K, used 40754K [0x00000000c0000000, 0x0000000100000000)
  region size 1024K, 0 young (0K), 0 survivors (0K)
 Metaspace       used 62885K, committed 63360K, reserved 1114112K
  class space    used 7716K, committed 7936K, reserved 1048576K
}
Event: 171752.000 GC heap before
{Heap before GC invocations=4068 (full 4049):
 garbage-first heap   total 91136K, used 40754K [0x00000000c0000000, 0x0000000100000000)
  region size 1024K, 1 young (1024K), 0 survivors (0K)
 Metaspace       used 62885K, committed 63360K, reserved 1114112K
  class space    used 7716K, committed 7936K, reserved 1048576K
}
Event: 171752.045 GC heap after
{Heap after GC invocations=4069 (full 4050):
 garbage-first heap   total 91136K, used 40754K [0x00000000c0000000, 0x0000000100000000)
  region size 1024K, 0 young (0K), 0 survivors (0K)
 Metaspace       used 62885K, committed 63360K, reserved 1114112K
  class space    used 7716K, committed 7936K, reserved 1048576K
}
Event: 171762.222 GC heap before
{Heap before GC invocations=4069 (full 4050):
 garbage-first heap   total 91136K, used 40754K [0x00000000c0000000, 0x0000000100000000)
  region size 1024K, 1 young (1024K), 0 survivors (0K)
 Metaspace       used 62885K, committed 63360K, reserved 1114112K
  class space    used 7716K, committed 7936K, reserved 1048576K
}
Event: 171762.271 GC heap after
{Heap after GC invocations=4070 (full 4051):
 garbage-first heap   total 91136K, used 40754K [0x00000000c0000000, 0x0000000100000000)
  region size 1024K, 0 young (0K), 0 survivors (0K)
 Metaspace       used 62885K, committed 63360K, reserved 1114112K
  class space    used 7716K, committed 7936K, reserved 1048576K
}
Event: 171772.454 GC heap before
{Heap before GC invocations=4070 (full 4051):
 garbage-first heap   total 91136K, used 40754K [0x00000000c0000000, 0x0000000100000000)
  region size 1024K, 1 young (1024K), 0 survivors (0K)
 Metaspace       used 62885K, committed 63360K, reserved 1114112K
  class space    used 7716K, committed 7936K, reserved 1048576K
}
Event: 171772.495 GC heap after
{Heap after GC invocations=4071 (full 4052):
 garbage-first heap   total 91136K, used 40754K [0x00000000c0000000, 0x0000000100000000)
  region size 1024K, 0 young (0K), 0 survivors (0K)
 Metaspace       used 62885K, committed 63360K, reserved 1114112K
  class space    used 7716K, committed 7936K, reserved 1048576K
}
Event: 174838.690 GC heap before
{Heap before GC invocations=4071 (full 4052):
 garbage-first heap   total 91136K, used 40754K [0x00000000c0000000, 0x0000000100000000)
  region size 1024K, 1 young (1024K), 0 survivors (0K)
 Metaspace       used 62885K, committed 63360K, reserved 1114112K
  class space    used 7716K, committed 7936K, reserved 1048576K
}
Event: 174838.758 GC heap after
{Heap after GC invocations=4072 (full 4053):
 garbage-first heap   total 91136K, used 40754K [0x00000000c0000000, 0x0000000100000000)
  region size 1024K, 0 young (0K), 0 survivors (0K)
 Metaspace       used 62885K, committed 63360K, reserved 1114112K
  class space    used 7716K, committed 7936K, reserved 1048576K
}
Event: 174850.678 GC heap before
{Heap before GC invocations=4072 (full 4053):
 garbage-first heap   total 91136K, used 40754K [0x00000000c0000000, 0x0000000100000000)
  region size 1024K, 1 young (1024K), 0 survivors (0K)
 Metaspace       used 62885K, committed 63360K, reserved 1114112K
  class space    used 7716K, committed 7936K, reserved 1048576K
}
Event: 174850.772 GC heap after
{Heap after GC invocations=4073 (full 4054):
 garbage-first heap   total 91136K, used 40754K [0x00000000c0000000, 0x0000000100000000)
  region size 1024K, 0 young (0K), 0 survivors (0K)
 Metaspace       used 62885K, committed 63360K, reserved 1114112K
  class space    used 7716K, committed 7936K, reserved 1048576K
}
Event: 174863.411 GC heap before
{Heap before GC invocations=4073 (full 4054):
 garbage-first heap   total 91136K, used 40754K [0x00000000c0000000, 0x0000000100000000)
  region size 1024K, 1 young (1024K), 0 survivors (0K)
 Metaspace       used 62885K, committed 63360K, reserved 1114112K
  class space    used 7716K, committed 7936K, reserved 1048576K
}
Event: 174863.463 GC heap after
{Heap after GC invocations=4074 (full 4055):
 garbage-first heap   total 91136K, used 40754K [0x00000000c0000000, 0x0000000100000000)
  region size 1024K, 0 young (0K), 0 survivors (0K)
 Metaspace       used 62885K, committed 63360K, reserved 1114112K
  class space    used 7716K, committed 7936K, reserved 1048576K
}

