# JRE version: OpenJDK Runtime Environment Temurin-17.0.11+9 (17.0.11+9) (build 17.0.11+9)
# Java VM: OpenJDK 64-Bit Server VM Temurin-17.0.11+9 (17.0.11+9, mixed mode, emulated-client, tiered, compressed oops, compressed class ptrs, g1 gc, windows-amd64)
GC Precious Log:
 CPUs: 8 total, 8 available
 Memory: 7117M
 Large Page Support: Disabled
 NUMA Support: Disabled
 Compressed Oops: Enabled (32-bit)
 Heap Region Size: 1M
 Heap Min Capacity: 8M
 Heap Initial Capacity: 112M
 Heap Max Capacity: 1G
 Pre-touch: Disabled
 Parallel Workers: 8
 Concurrent Workers: 2
 Concurrent Refinement Workers: 8
 Periodic GC: Disabled
Heap:
 garbage-first heap   total 75776K, used 25283K [0x00000000c0000000, 0x0000000100000000)
  region size 1024K, 1 young (1024K), 0 survivors (0K)
 Metaspace       used 40944K, committed 41472K, reserved 1114112K
  class space    used 5236K, committed 5440K, reserved 1048576K
GC Heap History (20 events):
Event: 73926.431 GC heap before
{Heap before GC invocations=2827 (full 2818):
 garbage-first heap   total 75776K, used 25283K [0x00000000c0000000, 0x0000000100000000)
  region size 1024K, 1 young (1024K), 0 survivors (0K)
 Metaspace       used 40944K, committed 41472K, reserved 1114112K
  class space    used 5236K, committed 5440K, reserved 1048576K
}
Event: 73926.456 GC heap after
{Heap after GC invocations=2828 (full 2819):
 garbage-first heap   total 75776K, used 25283K [0x00000000c0000000, 0x0000000100000000)
  region size 1024K, 0 young (0K), 0 survivors (0K)
 Metaspace       used 40944K, committed 41472K, reserved 1114112K
  class space    used 5236K, committed 5440K, reserved 1048576K
}
Event: 73936.653 GC heap before
{Heap before GC invocations=2828 (full 2819):
 garbage-first heap   total 75776K, used 25283K [0x00000000c0000000, 0x0000000100000000)
  region size 1024K, 1 young (1024K), 0 survivors (0K)
 Metaspace       used 40944K, committed 41472K, reserved 1114112K
  class space    used 5236K, committed 5440K, reserved 1048576K
}
Event: 73936.684 GC heap after
{Heap after GC invocations=2829 (full 2820):
 garbage-first heap   total 75776K, used 25283K [0x00000000c0000000, 0x0000000100000000)
  region size 1024K, 0 young (0K), 0 survivors (0K)
 Metaspace       used 40944K, committed 41472K, reserved 1114112K
  class space    used 5236K, committed 5440K, reserved 1048576K
}
Event: 73946.934 GC heap before
{Heap before GC invocations=2829 (full 2820):
 garbage-first heap   total 75776K, used 25283K [0x00000000c0000000, 0x0000000100000000)
  region size 1024K, 1 young (1024K), 0 survivors (0K)
 Metaspace       used 40944K, committed 41472K, reserved 1114112K
  class space    used 5236K, committed 5440K, reserved 1048576K
}
Event: 73946.961 GC heap after
{Heap after GC invocations=2830 (full 2821):
 garbage-first heap   total 75776K, used 25283K [0x00000000c0000000, 0x0000000100000000)
  region size 1024K, 0 young (0K), 0 survivors (0K)
 Metaspace       used 40944K, committed 41472K, reserved 1114112K
  class space    used 5236K, committed 5440K, reserved 1048576K
}
Event: 73957.119 GC heap before
{Heap before GC invocations=2830 (full 2821):
 garbage-first heap   total 75776K, used 25283K [0x00000000c0000000, 0x0000000100000000)
  region size 1024K, 1 young (1024K), 0 survivors (0K)
 Metaspace       used 40944K, committed 41472K, reserved 1114112K
  class space    used 5236K, committed 5440K, reserved 1048576K
}
Event: 73957.148 GC heap after
{Heap after GC invocations=2831 (full 2822):
 garbage-first heap   total 75776K, used 25283K [0x00000000c0000000, 0x0000000100000000)
  region size 1024K, 0 young (0K), 0 survivors (0K)
 Metaspace       used 40944K, committed 41472K, reserved 1114112K
  class space    used 5236K, committed 5440K, reserved 1048576K
}
Event: 73967.311 GC heap before
{Heap before GC invocations=2831 (full 2822):
 garbage-first heap   total 75776K, used 25283K [0x00000000c0000000, 0x0000000100000000)
  region size 1024K, 1 young (1024K), 0 survivors (0K)
 Metaspace       used 40944K, committed 41472K, reserved 1114112K
  class space    used 5236K, committed 5440K, reserved 1048576K
}
Event: 73967.344 GC heap after
{Heap after GC invocations=2832 (full 2823):
 garbage-first heap   total 75776K, used 25283K [0x00000000c0000000, 0x0000000100000000)
  region size 1024K, 0 young (0K), 0 survivors (0K)
 Metaspace       used 40944K, committed 41472K, reserved 1114112K
  class space    used 5236K, committed 5440K, reserved 1048576K
}
Event: 73977.497 GC heap before
{Heap before GC invocations=2832 (full 2823):
 garbage-first heap   total 75776K, used 25283K [0x00000000c0000000, 0x0000000100000000)
  region size 1024K, 1 young (1024K), 0 survivors (0K)
 Metaspace       used 40944K, committed 41472K, reserved 1114112K
  class space    used 5236K, committed 5440K, reserved 1048576K
}
Event: 73977.525 GC heap after
{Heap after GC invocations=2833 (full 2824):
 garbage-first heap   total 75776K, used 25283K [0x00000000c0000000, 0x0000000100000000)
  region size 1024K, 0 young (0K), 0 survivors (0K)
 Metaspace       used 40944K, committed 41472K, reserved 1114112K
  class space    used 5236K, committed 5440K, reserved 1048576K
}
Event: 73987.693 GC heap before
{Heap before GC invocations=2833 (full 2824):
 garbage-first heap   total 75776K, used 25283K [0x00000000c0000000, 0x0000000100000000)
  region size 1024K, 1 young (1024K), 0 survivors (0K)
 Metaspace       used 40944K, committed 41472K, reserved 1114112K
  class space    used 5236K, committed 5440K, reserved 1048576K
}
Event: 73987.729 GC heap after
{Heap after GC invocations=2834 (full 2825):
 garbage-first heap   total 75776K, used 25283K [0x00000000c0000000, 0x0000000100000000)
  region size 1024K, 0 young (0K), 0 survivors (0K)
 Metaspace       used 40944K, committed 41472K, reserved 1114112K
  class space    used 5236K, committed 5440K, reserved 1048576K
}
Event: 73997.993 GC heap before
{Heap before GC invocations=2834 (full 2825):
 garbage-first heap   total 75776K, used 25283K [0x00000000c0000000, 0x0000000100000000)
  region size 1024K, 1 young (1024K), 0 survivors (0K)
 Metaspace       used 40944K, committed 41472K, reserved 1114112K
  class space    used 5236K, committed 5440K, reserved 1048576K
}
Event: 73998.033 GC heap after
{Heap after GC invocations=2835 (full 2826):
 garbage-first heap   total 75776K, used 25283K [0x00000000c0000000, 0x0000000100000000)
  region size 1024K, 0 young (0K), 0 survivors (0K)
 Metaspace       used 40944K, committed 41472K, reserved 1114112K
  class space    used 5236K, committed 5440K, reserved 1048576K
}
Event: 74008.285 GC heap before
{Heap before GC invocations=2835 (full 2826):
 garbage-first heap   total 75776K, used 25283K [0x00000000c0000000, 0x0000000100000000)
  region size 1024K, 1 young (1024K), 0 survivors (0K)
 Metaspace       used 40944K, committed 41472K, reserved 1114112K
  class space    used 5236K, committed 5440K, reserved 1048576K
}
Event: 74008.322 GC heap after
{Heap after GC invocations=2836 (full 2827):
 garbage-first heap   total 75776K, used 25283K [0x00000000c0000000, 0x0000000100000000)
  region size 1024K, 0 young (0K), 0 survivors (0K)
 Metaspace       used 40944K, committed 41472K, reserved 1114112K
  class space    used 5236K, committed 5440K, reserved 1048576K
}
Event: 74018.488 GC heap before
{Heap before GC invocations=2836 (full 2827):
 garbage-first heap   total 75776K, used 25283K [0x00000000c0000000, 0x0000000100000000)
  region size 1024K, 1 young (1024K), 0 survivors (0K)
 Metaspace       used 40944K, committed 41472K, reserved 1114112K
  class space    used 5236K, committed 5440K, reserved 1048576K
}
Event: 74018.518 GC heap after
{Heap after GC invocations=2837 (full 2828):
 garbage-first heap   total 75776K, used 25283K [0x00000000c0000000, 0x0000000100000000)
  region size 1024K, 0 young (0K), 0 survivors (0K)
 Metaspace       used 40944K, committed 41472K, reserved 1114112K
  class space    used 5236K, committed 5440K, reserved 1048576K
}

