# JRE version: OpenJDK Runtime Environment Temurin-17.0.11+9 (17.0.11+9) (build 17.0.11+9)
# Java VM: OpenJDK 64-Bit Server VM Temurin-17.0.11+9 (17.0.11+9, mixed mode, emulated-client, tiered, compressed oops, compressed class ptrs, g1 gc, windows-amd64)
GC Precious Log:
 CPUs: 8 total, 8 available
 Memory: 7117M
 Large Page Support: Disabled
 NUMA Support: Disabled
 Compressed Oops: Enabled (32-bit)
 Heap Region Size: 1M
 Heap Min Capacity: 8M
 Heap Initial Capacity: 112M
 Heap Max Capacity: 1G
 Pre-touch: Disabled
 Parallel Workers: 8
 Concurrent Workers: 2
 Concurrent Refinement Workers: 8
 Periodic GC: Disabled
Heap:
 garbage-first heap   total 75776K, used 25140K [0x00000000c0000000, 0x0000000100000000)
  region size 1024K, 1 young (1024K), 0 survivors (0K)
 Metaspace       used 40939K, committed 41536K, reserved 1114112K
  class space    used 5229K, committed 5504K, reserved 1048576K
GC Heap History (20 events):
Event: 47527.760 GC heap before
{Heap before GC invocations=270 (full 260):
 garbage-first heap   total 75776K, used 25140K [0x00000000c0000000, 0x0000000100000000)
  region size 1024K, 1 young (1024K), 0 survivors (0K)
 Metaspace       used 40939K, committed 41536K, reserved 1114112K
  class space    used 5229K, committed 5504K, reserved 1048576K
}
Event: 47527.790 GC heap after
{Heap after GC invocations=271 (full 261):
 garbage-first heap   total 75776K, used 25140K [0x00000000c0000000, 0x0000000100000000)
  region size 1024K, 0 young (0K), 0 survivors (0K)
 Metaspace       used 40939K, committed 41536K, reserved 1114112K
  class space    used 5229K, committed 5504K, reserved 1048576K
}
Event: 47538.259 GC heap before
{Heap before GC invocations=271 (full 261):
 garbage-first heap   total 75776K, used 25140K [0x00000000c0000000, 0x0000000100000000)
  region size 1024K, 1 young (1024K), 0 survivors (0K)
 Metaspace       used 40939K, committed 41536K, reserved 1114112K
  class space    used 5229K, committed 5504K, reserved 1048576K
}
Event: 47538.296 GC heap after
{Heap after GC invocations=272 (full 262):
 garbage-first heap   total 75776K, used 25140K [0x00000000c0000000, 0x0000000100000000)
  region size 1024K, 0 young (0K), 0 survivors (0K)
 Metaspace       used 40939K, committed 41536K, reserved 1114112K
  class space    used 5229K, committed 5504K, reserved 1048576K
}
Event: 47548.537 GC heap before
{Heap before GC invocations=272 (full 262):
 garbage-first heap   total 75776K, used 25140K [0x00000000c0000000, 0x0000000100000000)
  region size 1024K, 1 young (1024K), 0 survivors (0K)
 Metaspace       used 40939K, committed 41536K, reserved 1114112K
  class space    used 5229K, committed 5504K, reserved 1048576K
}
Event: 47548.582 GC heap after
{Heap after GC invocations=273 (full 263):
 garbage-first heap   total 75776K, used 25140K [0x00000000c0000000, 0x0000000100000000)
  region size 1024K, 0 young (0K), 0 survivors (0K)
 Metaspace       used 40939K, committed 41536K, reserved 1114112K
  class space    used 5229K, committed 5504K, reserved 1048576K
}
Event: 47558.749 GC heap before
{Heap before GC invocations=273 (full 263):
 garbage-first heap   total 75776K, used 25140K [0x00000000c0000000, 0x0000000100000000)
  region size 1024K, 1 young (1024K), 0 survivors (0K)
 Metaspace       used 40939K, committed 41536K, reserved 1114112K
  class space    used 5229K, committed 5504K, reserved 1048576K
}
Event: 47558.774 GC heap after
{Heap after GC invocations=274 (full 264):
 garbage-first heap   total 75776K, used 25140K [0x00000000c0000000, 0x0000000100000000)
  region size 1024K, 0 young (0K), 0 survivors (0K)
 Metaspace       used 40939K, committed 41536K, reserved 1114112K
  class space    used 5229K, committed 5504K, reserved 1048576K
}
Event: 47568.993 GC heap before
{Heap before GC invocations=274 (full 264):
 garbage-first heap   total 75776K, used 25140K [0x00000000c0000000, 0x0000000100000000)
  region size 1024K, 1 young (1024K), 0 survivors (0K)
 Metaspace       used 40939K, committed 41536K, reserved 1114112K
  class space    used 5229K, committed 5504K, reserved 1048576K
}
Event: 47569.029 GC heap after
{Heap after GC invocations=275 (full 265):
 garbage-first heap   total 75776K, used 25140K [0x00000000c0000000, 0x0000000100000000)
  region size 1024K, 0 young (0K), 0 survivors (0K)
 Metaspace       used 40939K, committed 41536K, reserved 1114112K
  class space    used 5229K, committed 5504K, reserved 1048576K
}
Event: 47579.182 GC heap before
{Heap before GC invocations=275 (full 265):
 garbage-first heap   total 75776K, used 25140K [0x00000000c0000000, 0x0000000100000000)
  region size 1024K, 1 young (1024K), 0 survivors (0K)
 Metaspace       used 40939K, committed 41536K, reserved 1114112K
  class space    used 5229K, committed 5504K, reserved 1048576K
}
Event: 47579.212 GC heap after
{Heap after GC invocations=276 (full 266):
 garbage-first heap   total 75776K, used 25140K [0x00000000c0000000, 0x0000000100000000)
  region size 1024K, 0 young (0K), 0 survivors (0K)
 Metaspace       used 40939K, committed 41536K, reserved 1114112K
  class space    used 5229K, committed 5504K, reserved 1048576K
}
Event: 47589.356 GC heap before
{Heap before GC invocations=276 (full 266):
 garbage-first heap   total 75776K, used 25140K [0x00000000c0000000, 0x0000000100000000)
  region size 1024K, 1 young (1024K), 0 survivors (0K)
 Metaspace       used 40939K, committed 41536K, reserved 1114112K
  class space    used 5229K, committed 5504K, reserved 1048576K
}
Event: 47589.382 GC heap after
{Heap after GC invocations=277 (full 267):
 garbage-first heap   total 75776K, used 25140K [0x00000000c0000000, 0x0000000100000000)
  region size 1024K, 0 young (0K), 0 survivors (0K)
 Metaspace       used 40939K, committed 41536K, reserved 1114112K
  class space    used 5229K, committed 5504K, reserved 1048576K
}
Event: 47599.582 GC heap before
{Heap before GC invocations=277 (full 267):
 garbage-first heap   total 75776K, used 25140K [0x00000000c0000000, 0x0000000100000000)
  region size 1024K, 1 young (1024K), 0 survivors (0K)
 Metaspace       used 40939K, committed 41536K, reserved 1114112K
  class space    used 5229K, committed 5504K, reserved 1048576K
}
Event: 47599.614 GC heap after
{Heap after GC invocations=278 (full 268):
 garbage-first heap   total 75776K, used 25140K [0x00000000c0000000, 0x0000000100000000)
  region size 1024K, 0 young (0K), 0 survivors (0K)
 Metaspace       used 40939K, committed 41536K, reserved 1114112K
  class space    used 5229K, committed 5504K, reserved 1048576K
}
Event: 47609.784 GC heap before
{Heap before GC invocations=278 (full 268):
 garbage-first heap   total 75776K, used 25140K [0x00000000c0000000, 0x0000000100000000)
  region size 1024K, 1 young (1024K), 0 survivors (0K)
 Metaspace       used 40939K, committed 41536K, reserved 1114112K
  class space    used 5229K, committed 5504K, reserved 1048576K
}
Event: 47609.815 GC heap after
{Heap after GC invocations=279 (full 269):
 garbage-first heap   total 75776K, used 25140K [0x00000000c0000000, 0x0000000100000000)
  region size 1024K, 0 young (0K), 0 survivors (0K)
 Metaspace       used 40939K, committed 41536K, reserved 1114112K
  class space    used 5229K, committed 5504K, reserved 1048576K
}
Event: 47619.978 GC heap before
{Heap before GC invocations=279 (full 269):
 garbage-first heap   total 75776K, used 25140K [0x00000000c0000000, 0x0000000100000000)
  region size 1024K, 1 young (1024K), 0 survivors (0K)
 Metaspace       used 40939K, committed 41536K, reserved 1114112K
  class space    used 5229K, committed 5504K, reserved 1048576K
}
Event: 47620.012 GC heap after
{Heap after GC invocations=280 (full 270):
 garbage-first heap   total 75776K, used 25140K [0x00000000c0000000, 0x0000000100000000)
  region size 1024K, 0 young (0K), 0 survivors (0K)
 Metaspace       used 40939K, committed 41536K, reserved 1114112K
  class space    used 5229K, committed 5504K, reserved 1048576K
}

